<?xml version="1.0" encoding="utf-8"?>
<log version="1.0" tool="runtool">

<msg id="1" tool="runtool">
  <type>log-start</type>
  <arg>2023/06/03 18:00:54</arg>
</msg>
<msg id="2" tool="runtool">
  <type>log-end</type>
  <arg>2023/06/03 18:00:55</arg>
</msg>

</log>

<?xml version="1.0" encoding="utf-8"?>
<log version="1.0" tool="runtool">

<msg id="1" tool="runtool">
  <type>log-start</type>
  <arg>2023/06/03 18:01:04</arg>
</msg>
<msg id="2" tool="runtool">
  <type>log-end</type>
  <arg>2023/06/03 18:01:05</arg>
</msg>

</log>

<?xml version="1.0" encoding="utf-8"?>
<log version="1.0" tool="runtool">

<msg id="1" tool="runtool">
  <type>log-start</type>
  <arg>2023/06/03 18:01:24</arg>
</msg>
<msg id="2" tool="runtool">
  <type>log-end</type>
  <arg>2023/06/03 18:01:25</arg>
</msg>

</log>

