16 [140089206474688] INFO perfrun.launcher <> - Launcher main begin
17 [140089206474688] INFO perfrun.launcher <> - MessageCatalogInit finished
17 [140089206474688] INFO perfrun.launcher <> - Launcher instance created
17 [140089206474688] INFO perfrun.launcher <> - argc = 6; cmdline = /home/muaz/intel/oneapi/advisor/2023.1.0/bin64/advixe-runss -dump-vdso -r /home/muaz/Downloads/vortex-shedding(1)/vortex-shedding/HIPC_Baseline/e000/hs003 --tmp-dir /tmp/advixe-tmp-muaz 
517 [140089206474688] INFO perfrun.launcher <> - create msngr2::ICliToolContext
517 [140089206474688] INFO perfrun.launcher <> - create file finder object
518 [140089051047488] INFO perfrun.launcher <> - plugin [remoteplug] was disabled because it doesn't support the given collection type.
518 [140089051047488] INFO perfrun.launcher <> - plugin [system] was disabled because it doesn't support the given collection type.
518 [140089051047488] INFO perfrun.vdso <> - dumping [vdso] pseudomodule
526 [140089051047488] INFO perfrun.launcher <> - plugin [itt] was disabled because it doesn't support the given collection type.
526 [140089051047488] INFO perfrun.launcher <> - plugin [] was disabled because it doesn't support the given collection type.
526 [140089051047488] INFO perfrun.launcher <> - plugin [gpu] was disabled because it doesn't support the given collection type.
526 [140089051047488] INFO perfrun.launcher <> - plugin [] was disabled because it doesn't support the given collection type.
526 [140089051047488] INFO perfrun.launcher <> - plugin [] was disabled because it doesn't support the given collection type.
526 [140089051047488] INFO perfrun.launcher <> - plugin [] was disabled because it doesn't support the given collection type.
526 [140089051047488] INFO perfrun.launcher <> - plugin [mrte] was disabled because it doesn't support the given collection type.
526 [140089051047488] INFO perfrun.launcher <> - plugin [] was disabled because it doesn't support the given collection type.
526 [140089051047488] INFO perfrun.launcher <> - plugin [] was disabled because it doesn't support the given collection type.
526 [140089051047488] INFO perfrun.launcher <> - plugin [] was disabled because it doesn't support the given collection type.
526 [140089051047488] INFO perfrun.launcher <> - plugin [] was disabled because it doesn't support the given collection type.
526 [140089051047488] INFO perfrun.launcher <> - plugin [] was disabled because it doesn't support the given collection type.
526 [140089051047488] INFO perfrun.launcher <> - plugin [] was disabled because it doesn't support the given collection type.
526 [140089051047488] INFO perfrun.launcher <> - plugin [] was disabled because it doesn't support the given collection type.
526 [140089051047488] INFO perfrun.launcher <> - plugin [tpss] was disabled because it doesn't support the given collection type.
526 [140089051047488] INFO perfrun.launcher <> - plugin [] was disabled because it doesn't support the given collection type.
526 [140089051047488] INFO perfrun.launcher <> - plugin [] was disabled because it doesn't support the given collection type.
526 [140089051047488] INFO perfrun.launcher <> - plugin [] was disabled because it doesn't support the given collection type.
526 [140089051047488] INFO perfrun.launcher <> - plugin [] was disabled because it doesn't support the given collection type.
526 [140089051047488] INFO perfrun.launcher <> - plugin [] was disabled because it doesn't support the given collection type.
526 [140089051047488] INFO perfrun.launcher <> - plugin [] was disabled because it doesn't support the given collection type.
526 [140089051047488] INFO perfrun.launcher <> - plugin [] was disabled because it doesn't support the given collection type.
526 [140089051047488] INFO perfrun.launcher <> - plugin [] was disabled because it doesn't support the given collection type.
526 [140089051047488] INFO perfrun.launcher <> - plugin [] was disabled because it doesn't support the given collection type.
526 [140089206474688] INFO perfrun.launcher <> - Application exit code: 0
526 [140089206474688] INFO perfrun.launcher <> - Exit code: 0
