Collection status has changed. 1
Collection has been started.
Collection has stopped. Application exit code:  0
Finalizing results
Finalizing the result
Clearing the database
The database has been cleared, elapsed time is 0.402 seconds.
Loading raw data to the database
Loading 'bandwidth_1687869968.hpc' file
Loading 'systemcollector-46141-munix-laptop.sc' file
Loading '46141-46154.0.trace' file
Loading 'tripcounts_40081_0.tcs' file
Error: Cannot load data file `/home/muaz/Downloads/vortex-shedding(1)/vortex-shedding/HIPC_Baseline/e000/hs003/data.1/40081.cpid' ().
Error: Cannot load data file `/home/muaz/Downloads/vortex-shedding(1)/vortex-shedding/HIPC_Baseline/e000/hs003/data.1/advixe-runtrc.txt' ().
Error: Cannot load data file `/home/muaz/Downloads/vortex-shedding(1)/vortex-shedding/HIPC_Baseline/e000/hs003/data.1/ipscmds.dat' ().
Error: Cannot load data file `/home/muaz/Downloads/vortex-shedding(1)/vortex-shedding/HIPC_Baseline/e000/hs003/data.1/tripcounts_40081_0.tcs' (Data file is corrupted).
Updating precomputed scalar metrics
Raw data has been loaded to the database, elapsed time is 0.306 seconds.
Processing profile metrics and debug information
Data transformations have been finished, elapsed time is 0.002 seconds.
Setting data model parameters
Resolving module symbols
Resolving information for `vortex'
Resolving information for `libm.so.6'
Warning: Cannot locate debugging information for file `/home/muaz/Downloads/vortex-shedding(1)/vortex-shedding/vortex'.
Resolving information for `libc.so.6'
Resolving bottom user stack information
Resolving thread name information
Resolving call target names for dynamic code
Symbol resolution has been finished, elapsed time is 0.967 seconds.
Processing profile metrics and debug information
Deferred data transformations have been finished, elapsed time is 0.013 seconds.
Setting data model parameters
Data model parameters have been set, elapsed time is 0.021 seconds.
Precomputing frequently used data
Precomputing frequently used data
Updating precomputed scalar metrics
Precomputing frequently used data has been finished, elapsed time is 0.141 seconds.
Discarding redundant overtime data
Saving the result
Redundant overtime data has been discarded, elapsed time is 0.001 seconds.
Raw collector data has been discarded, elapsed time is 0.000 seconds.
Finalizing the result took 1.910 seconds.
Preparing data for display of survey call tree
Resolving module symbols
Resolving information for dangling locations
Resolving bottom user stack information
Resolving thread name information
Resolving call target names for dynamic code
Precomputing frequently used data
